<?xml version="1.0" encoding="UTF-8"?>
<testsuite name="com.example.diceroller.ExampleUnitTest" tests="1" skipped="0" failures="0" errors="0" timestamp="2023-01-16T10:01:34" hostname="LAPTOP-93H4313H" time="0.002">
  <properties/>
  <testcase name="addition_isCorrect" classname="com.example.diceroller.ExampleUnitTest" time="0.002"/>
  <system-out><![CDATA[]]></system-out>
  <system-err><![CDATA[]]></system-err>
</testsuite>
